2026-04-05T10:02:19.189Z  INFO 16312 --- [main] com.erp.api.ErpApplication               : Starting ErpApplication using Java 21.0.10 with PID 16312 (C:\Users\Acer\project\erp-system\erp-api\target\classes started by Acer in C:\Users\Acer\project\erp-system)
2026-04-05T10:02:19.203Z DEBUG 16312 --- [main] com.erp.api.ErpApplication               : Running with Spring Boot v3.2.4, Spring v6.1.5
2026-04-05T10:02:19.204Z  INFO 16312 --- [main] com.erp.api.ErpApplication               : The following 1 profile is active: "local"
2026-04-05T10:02:20.781Z  INFO 16312 --- [main] .s.d.r.c.RepositoryConfigurationDelegate : Multiple Spring Data modules found, entering strict repository configuration mode
2026-04-05T10:02:20.783Z  INFO 16312 --- [main] .s.d.r.c.RepositoryConfigurationDelegate : Bootstrapping Spring Data JPA repositories in DEFAULT mode.
2026-04-05T10:02:20.986Z  INFO 16312 --- [main] .s.d.r.c.RepositoryConfigurationDelegate : Finished Spring Data repository scanning in 174 ms. Found 4 JPA repository interfaces.
2026-04-05T10:02:21.560Z  INFO 16312 --- [main] .s.d.r.c.RepositoryConfigurationDelegate : Multiple Spring Data modules found, entering strict repository configuration mode
2026-04-05T10:02:21.561Z  INFO 16312 --- [main] .s.d.r.c.RepositoryConfigurationDelegate : Bootstrapping Spring Data Redis repositories in DEFAULT mode.
2026-04-05T10:02:21.582Z  INFO 16312 --- [main] .s.d.r.c.RepositoryConfigurationDelegate : Finished Spring Data repository scanning in 9 ms. Found 0 Redis repository interfaces.
2026-04-05T10:02:22.754Z  INFO 16312 --- [main] o.s.b.w.embedded.tomcat.TomcatWebServer  : Tomcat initialized with port 8080 (http)
2026-04-05T10:02:22.770Z  INFO 16312 --- [main] o.apache.catalina.core.StandardService   : Starting service [Tomcat]
2026-04-05T10:02:22.770Z  INFO 16312 --- [main] o.apache.catalina.core.StandardEngine    : Starting Servlet engine: [Apache Tomcat/10.1.19]
2026-04-05T10:02:22.846Z  INFO 16312 --- [main] o.a.c.c.C.[Tomcat].[localhost].[/]       : Initializing Spring embedded WebApplicationContext
2026-04-05T10:02:22.847Z  INFO 16312 --- [main] w.s.c.ServletWebServerApplicationContext : Root WebApplicationContext: initialization completed in 3535 ms
2026-04-05T10:02:23.330Z  INFO 16312 --- [main] o.hibernate.jpa.internal.util.LogHelper  : HHH000204: Processing PersistenceUnitInfo [name: default]
2026-04-05T10:02:23.406Z  INFO 16312 --- [main] org.hibernate.Version                    : HHH000412: Hibernate ORM core version 6.4.4.Final
2026-04-05T10:02:23.445Z  INFO 16312 --- [main] o.h.c.internal.RegionFactoryInitiator    : HHH000026: Second-level cache disabled
2026-04-05T10:02:23.707Z  INFO 16312 --- [main] o.s.o.j.p.SpringPersistenceUnitInfo      : No LoadTimeWeaver setup: ignoring JPA class transformer
2026-04-05T10:02:23.746Z  INFO 16312 --- [main] com.zaxxer.hikari.HikariDataSource       : HikariPool-1 - Starting...
2026-04-05T10:02:24.041Z  INFO 16312 --- [main] com.zaxxer.hikari.pool.HikariPool        : HikariPool-1 - Added connection org.postgresql.jdbc.PgConnection@7096d451
2026-04-05T10:02:24.043Z  INFO 16312 --- [main] com.zaxxer.hikari.HikariDataSource       : HikariPool-1 - Start completed.
2026-04-05T10:02:24.119Z  WARN 16312 --- [main] org.hibernate.orm.deprecation            : HHH90000025: PostgreSQLDialect does not need to be specified explicitly using 'hibernate.dialect' (remove the property setting and it will be selected by default)
2026-04-05T10:02:25.302Z  INFO 16312 --- [main] o.h.e.t.j.p.i.JtaPlatformInitiator       : HHH000489: No JTA platform available (set 'hibernate.transaction.jta.platform' to enable JTA platform integration)
2026-04-05T10:02:25.379Z  INFO 16312 --- [main] j.LocalContainerEntityManagerFactoryBean : Initialized JPA EntityManagerFactory for persistence unit 'default'
2026-04-05T10:02:26.150Z  WARN 16312 --- [main] JpaBaseConfiguration$JpaWebConfiguration : spring.jpa.open-in-view is enabled by default. Therefore, database queries may be performed during view rendering. Explicitly configure spring.jpa.open-in-view to disable this warning
2026-04-05T10:02:26.212Z  WARN 16312 --- [main] .s.s.UserDetailsServiceAutoConfiguration : 

Using generated security password: 87686338-5e95-4e67-8dca-48265b917148

This generated password is for development use only. Your security configuration must be updated before running your application in production.

2026-04-05T10:02:27.272Z  INFO 16312 --- [main] o.s.b.a.e.web.EndpointLinksResolver      : Exposing 1 endpoint(s) beneath base path '/actuator'
2026-04-05T10:02:27.359Z  INFO 16312 --- [main] o.s.s.web.DefaultSecurityFilterChain     : Will secure any request with [org.springframework.security.web.session.DisableEncodeUrlFilter@52caa9d8, org.springframework.security.web.context.request.async.WebAsyncManagerIntegrationFilter@521981d9, org.springframework.security.web.context.SecurityContextHolderFilter@7a88e6a9, org.springframework.security.web.header.HeaderWriterFilter@56d9ef05, org.springframework.web.filter.CorsFilter@270f28cf, org.springframework.security.web.authentication.logout.LogoutFilter@40f53ea, org.springframework.security.web.authentication.www.BasicAuthenticationFilter@60f9fb56, org.springframework.security.web.savedrequest.RequestCacheAwareFilter@bf2aa3f, org.springframework.security.web.servletapi.SecurityContextHolderAwareRequestFilter@1f4dce67, org.springframework.security.web.authentication.AnonymousAuthenticationFilter@53e780d7, org.springframework.security.web.access.ExceptionTranslationFilter@e8bd42f, org.springframework.security.web.access.intercept.AuthorizationFilter@297c0311]
2026-04-05T10:02:28.173Z  INFO 16312 --- [main] o.s.b.w.embedded.tomcat.TomcatWebServer  : Tomcat started on port 8080 (http) with context path ''
2026-04-05T10:02:28.184Z  INFO 16312 --- [main] com.erp.api.ErpApplication               : Started ErpApplication in 9.585 seconds (process running for 10.111)
2026-04-05T10:04:42.419Z  INFO 16312 --- [http-nio-8080-exec-1] o.a.c.c.C.[Tomcat].[localhost].[/]       : Initializing Spring DispatcherServlet 'dispatcherServlet'
2026-04-05T10:04:42.419Z  INFO 16312 --- [http-nio-8080-exec-1] o.s.web.servlet.DispatcherServlet        : Initializing Servlet 'dispatcherServlet'
2026-04-05T10:04:42.422Z  INFO 16312 --- [http-nio-8080-exec-1] o.s.web.servlet.DispatcherServlet        : Completed initialization in 2 ms
2026-04-05T10:18:31.792Z  INFO 16312 --- [SpringApplicationShutdownHook] j.LocalContainerEntityManagerFactoryBean : Closing JPA EntityManagerFactory for persistence unit 'default'
2026-04-05T10:18:31.874Z  INFO 16312 --- [SpringApplicationShutdownHook] com.zaxxer.hikari.HikariDataSource       : HikariPool-1 - Shutdown initiated...
2026-04-05T10:18:31.928Z  INFO 16312 --- [SpringApplicationShutdownHook] com.zaxxer.hikari.HikariDataSource       : HikariPool-1 - Shutdown completed.
2026-04-05T10:25:13.348Z  INFO 18732 --- [main] com.erp.api.ErpApplication               : Starting ErpApplication using Java 21.0.10 with PID 18732 (C:\Users\Acer\project\erp-system\erp-api\target\classes started by Acer in C:\Users\Acer\project\erp-system)
2026-04-05T10:25:13.350Z DEBUG 18732 --- [main] com.erp.api.ErpApplication               : Running with Spring Boot v3.2.4, Spring v6.1.5
2026-04-05T10:25:13.351Z  INFO 18732 --- [main] com.erp.api.ErpApplication               : The following 1 profile is active: "local"
2026-04-05T10:25:14.289Z  INFO 18732 --- [main] .s.d.r.c.RepositoryConfigurationDelegate : Multiple Spring Data modules found, entering strict repository configuration mode
2026-04-05T10:25:14.289Z  INFO 18732 --- [main] .s.d.r.c.RepositoryConfigurationDelegate : Bootstrapping Spring Data JPA repositories in DEFAULT mode.
2026-04-05T10:25:14.454Z  INFO 18732 --- [main] .s.d.r.c.RepositoryConfigurationDelegate : Finished Spring Data repository scanning in 155 ms. Found 4 JPA repository interfaces.
2026-04-05T10:25:14.962Z  INFO 18732 --- [main] .s.d.r.c.RepositoryConfigurationDelegate : Multiple Spring Data modules found, entering strict repository configuration mode
2026-04-05T10:25:14.963Z  INFO 18732 --- [main] .s.d.r.c.RepositoryConfigurationDelegate : Bootstrapping Spring Data Redis repositories in DEFAULT mode.
2026-04-05T10:25:14.986Z  INFO 18732 --- [main] .s.d.r.c.RepositoryConfigurationDelegate : Finished Spring Data repository scanning in 12 ms. Found 0 Redis repository interfaces.
2026-04-05T10:25:16.005Z  INFO 18732 --- [main] o.s.b.w.embedded.tomcat.TomcatWebServer  : Tomcat initialized with port 8080 (http)
2026-04-05T10:25:16.020Z  INFO 18732 --- [main] o.apache.catalina.core.StandardService   : Starting service [Tomcat]
2026-04-05T10:25:16.020Z  INFO 18732 --- [main] o.apache.catalina.core.StandardEngine    : Starting Servlet engine: [Apache Tomcat/10.1.19]
2026-04-05T10:25:16.107Z  INFO 18732 --- [main] o.a.c.c.C.[Tomcat].[localhost].[/]       : Initializing Spring embedded WebApplicationContext
2026-04-05T10:25:16.108Z  INFO 18732 --- [main] w.s.c.ServletWebServerApplicationContext : Root WebApplicationContext: initialization completed in 2691 ms
2026-04-05T10:25:16.565Z  INFO 18732 --- [main] o.hibernate.jpa.internal.util.LogHelper  : HHH000204: Processing PersistenceUnitInfo [name: default]
2026-04-05T10:25:16.636Z  INFO 18732 --- [main] org.hibernate.Version                    : HHH000412: Hibernate ORM core version 6.4.4.Final
2026-04-05T10:25:16.667Z  INFO 18732 --- [main] o.h.c.internal.RegionFactoryInitiator    : HHH000026: Second-level cache disabled
2026-04-05T10:25:16.889Z  INFO 18732 --- [main] o.s.o.j.p.SpringPersistenceUnitInfo      : No LoadTimeWeaver setup: ignoring JPA class transformer
2026-04-05T10:25:16.915Z  INFO 18732 --- [main] com.zaxxer.hikari.HikariDataSource       : HikariPool-1 - Starting...
2026-04-05T10:25:17.132Z  INFO 18732 --- [main] com.zaxxer.hikari.pool.HikariPool        : HikariPool-1 - Added connection org.postgresql.jdbc.PgConnection@59b1edab
2026-04-05T10:25:17.133Z  INFO 18732 --- [main] com.zaxxer.hikari.HikariDataSource       : HikariPool-1 - Start completed.
2026-04-05T10:25:17.188Z  WARN 18732 --- [main] org.hibernate.orm.deprecation            : HHH90000025: PostgreSQLDialect does not need to be specified explicitly using 'hibernate.dialect' (remove the property setting and it will be selected by default)
2026-04-05T10:25:18.133Z  INFO 18732 --- [main] o.h.e.t.j.p.i.JtaPlatformInitiator       : HHH000489: No JTA platform available (set 'hibernate.transaction.jta.platform' to enable JTA platform integration)
2026-04-05T10:25:18.209Z  INFO 18732 --- [main] j.LocalContainerEntityManagerFactoryBean : Initialized JPA EntityManagerFactory for persistence unit 'default'
2026-04-05T10:25:18.857Z  WARN 18732 --- [main] JpaBaseConfiguration$JpaWebConfiguration : spring.jpa.open-in-view is enabled by default. Therefore, database queries may be performed during view rendering. Explicitly configure spring.jpa.open-in-view to disable this warning
2026-04-05T10:25:18.889Z  WARN 18732 --- [main] .s.s.UserDetailsServiceAutoConfiguration : 

Using generated security password: 2d194d01-92e9-412b-983c-ecbfaa861733

This generated password is for development use only. Your security configuration must be updated before running your application in production.

2026-04-05T10:25:19.645Z  INFO 18732 --- [main] o.s.b.a.e.web.EndpointLinksResolver      : Exposing 4 endpoint(s) beneath base path '/actuator'
2026-04-05T10:25:19.725Z  INFO 18732 --- [main] o.s.s.web.DefaultSecurityFilterChain     : Will secure any request with [org.springframework.security.web.session.DisableEncodeUrlFilter@75375bb0, org.springframework.security.web.context.request.async.WebAsyncManagerIntegrationFilter@22b8eaf0, org.springframework.security.web.context.SecurityContextHolderFilter@10f7bc42, org.springframework.security.web.header.HeaderWriterFilter@76737130, org.springframework.web.filter.CorsFilter@156cfa20, org.springframework.security.web.authentication.logout.LogoutFilter@173e4b75, org.springframework.security.web.authentication.www.BasicAuthenticationFilter@31fd3db2, org.springframework.security.web.savedrequest.RequestCacheAwareFilter@47cce306, org.springframework.security.web.servletapi.SecurityContextHolderAwareRequestFilter@59294f29, org.springframework.security.web.authentication.AnonymousAuthenticationFilter@50dfceff, org.springframework.security.web.access.ExceptionTranslationFilter@521981d9, org.springframework.security.web.access.intercept.AuthorizationFilter@48028e11]
2026-04-05T10:25:20.445Z  INFO 18732 --- [main] o.s.b.w.embedded.tomcat.TomcatWebServer  : Tomcat started on port 8080 (http) with context path ''
2026-04-05T10:25:20.454Z  INFO 18732 --- [main] com.erp.api.ErpApplication               : Started ErpApplication in 7.648 seconds (process running for 8.148)
2026-04-05T10:25:38.415Z  INFO 18732 --- [http-nio-8080-exec-1] o.a.c.c.C.[Tomcat].[localhost].[/]       : Initializing Spring DispatcherServlet 'dispatcherServlet'
2026-04-05T10:25:38.415Z  INFO 18732 --- [http-nio-8080-exec-1] o.s.web.servlet.DispatcherServlet        : Initializing Servlet 'dispatcherServlet'
2026-04-05T10:25:38.417Z  INFO 18732 --- [http-nio-8080-exec-1] o.s.web.servlet.DispatcherServlet        : Completed initialization in 2 ms
2026-04-05T10:25:53.236Z  WARN 18732 --- [boundedElastic-1] o.s.b.a.d.r.RedisReactiveHealthIndicator : Redis health check failed

org.springframework.data.redis.RedisConnectionFailureException: Unable to connect to Redis
	at org.springframework.data.redis.connection.lettuce.LettuceConnectionFactory$ExceptionTranslatingConnectionProvider.translateException(LettuceConnectionFactory.java:1795) ~[spring-data-redis-3.2.4.jar:3.2.4]
	at org.springframework.data.redis.connection.lettuce.LettuceConnectionFactory$ExceptionTranslatingConnectionProvider.getConnection(LettuceConnectionFactory.java:1726) ~[spring-data-redis-3.2.4.jar:3.2.4]
	at org.springframework.data.redis.connection.lettuce.LettuceConnectionFactory$SharedConnection.getNativeConnection(LettuceConnectionFactory.java:1528) ~[spring-data-redis-3.2.4.jar:3.2.4]
	at org.springframework.data.redis.connection.lettuce.LettuceConnectionFactory$SharedConnection.lambda$getConnection$0(LettuceConnectionFactory.java:1508) ~[spring-data-redis-3.2.4.jar:3.2.4]
	at org.springframework.data.redis.connection.lettuce.LettuceConnectionFactory.doInLock(LettuceConnectionFactory.java:1469) ~[spring-data-redis-3.2.4.jar:3.2.4]
	at org.springframework.data.redis.connection.lettuce.LettuceConnectionFactory$SharedConnection.getConnection(LettuceConnectionFactory.java:1505) ~[spring-data-redis-3.2.4.jar:3.2.4]
	at org.springframework.data.redis.connection.lettuce.LettuceConnectionFactory.getSharedReactiveConnection(LettuceConnectionFactory.java:1216) ~[spring-data-redis-3.2.4.jar:3.2.4]
	at org.springframework.data.redis.connection.lettuce.LettuceConnectionFactory.getReactiveConnection(LettuceConnectionFactory.java:1091) ~[spring-data-redis-3.2.4.jar:3.2.4]
	at org.springframework.data.redis.connection.lettuce.LettuceConnectionFactory.getReactiveConnection(LettuceConnectionFactory.java:118) ~[spring-data-redis-3.2.4.jar:3.2.4]
	at reactor.core.publisher.MonoSupplier.call(MonoSupplier.java:67) ~[reactor-core-3.6.4.jar:3.6.4]
	at reactor.core.publisher.FluxSubscribeOnCallable$CallableSubscribeOnSubscription.run(FluxSubscribeOnCallable.java:228) ~[reactor-core-3.6.4.jar:3.6.4]
	at reactor.core.scheduler.SchedulerTask.call(SchedulerTask.java:68) ~[reactor-core-3.6.4.jar:3.6.4]
	at reactor.core.scheduler.SchedulerTask.call(SchedulerTask.java:28) ~[reactor-core-3.6.4.jar:3.6.4]
	at java.base/java.util.concurrent.FutureTask.run(FutureTask.java:317) ~[na:na]
	at java.base/java.util.concurrent.ScheduledThreadPoolExecutor$ScheduledFutureTask.run(ScheduledThreadPoolExecutor.java:304) ~[na:na]
	at java.base/java.util.concurrent.ThreadPoolExecutor.runWorker(ThreadPoolExecutor.java:1144) ~[na:na]
	at java.base/java.util.concurrent.ThreadPoolExecutor$Worker.run(ThreadPoolExecutor.java:642) ~[na:na]
	at java.base/java.lang.Thread.run(Thread.java:1583) ~[na:na]
Caused by: io.lettuce.core.RedisConnectionException: Unable to connect to localhost/<unresolved>:6379
	at io.lettuce.core.RedisConnectionException.create(RedisConnectionException.java:78) ~[lettuce-core-6.3.2.RELEASE.jar:6.3.2.RELEASE/8941aea]
	at io.lettuce.core.RedisConnectionException.create(RedisConnectionException.java:56) ~[lettuce-core-6.3.2.RELEASE.jar:6.3.2.RELEASE/8941aea]
	at io.lettuce.core.AbstractRedisClient.getConnection(AbstractRedisClient.java:350) ~[lettuce-core-6.3.2.RELEASE.jar:6.3.2.RELEASE/8941aea]
	at io.lettuce.core.RedisClient.connect(RedisClient.java:215) ~[lettuce-core-6.3.2.RELEASE.jar:6.3.2.RELEASE/8941aea]
	at org.springframework.data.redis.connection.lettuce.StandaloneConnectionProvider.lambda$getConnection$1(StandaloneConnectionProvider.java:112) ~[spring-data-redis-3.2.4.jar:3.2.4]
	at java.base/java.util.Optional.orElseGet(Optional.java:364) ~[na:na]
	at org.springframework.data.redis.connection.lettuce.StandaloneConnectionProvider.getConnection(StandaloneConnectionProvider.java:112) ~[spring-data-redis-3.2.4.jar:3.2.4]
	at org.springframework.data.redis.connection.lettuce.LettuceConnectionFactory$ExceptionTranslatingConnectionProvider.getConnection(LettuceConnectionFactory.java:1724) ~[spring-data-redis-3.2.4.jar:3.2.4]
	... 16 common frames omitted
Caused by: io.netty.channel.AbstractChannel$AnnotatedConnectException: Connection refused: getsockopt: localhost/127.0.0.1:6379
Caused by: java.net.ConnectException: Connection refused: getsockopt
	at java.base/sun.nio.ch.Net.pollConnect(Native Method) ~[na:na]
	at java.base/sun.nio.ch.Net.pollConnectNow(Net.java:694) ~[na:na]
	at java.base/sun.nio.ch.SocketChannelImpl.finishConnect(SocketChannelImpl.java:973) ~[na:na]
	at io.netty.channel.socket.nio.NioSocketChannel.doFinishConnect(NioSocketChannel.java:337) ~[netty-transport-4.1.107.Final.jar:4.1.107.Final]
	at io.netty.channel.nio.AbstractNioChannel$AbstractNioUnsafe.finishConnect(AbstractNioChannel.java:335) ~[netty-transport-4.1.107.Final.jar:4.1.107.Final]
	at io.netty.channel.nio.NioEventLoop.processSelectedKey(NioEventLoop.java:776) ~[netty-transport-4.1.107.Final.jar:4.1.107.Final]
	at io.netty.channel.nio.NioEventLoop.processSelectedKeysOptimized(NioEventLoop.java:724) ~[netty-transport-4.1.107.Final.jar:4.1.107.Final]
	at io.netty.channel.nio.NioEventLoop.processSelectedKeys(NioEventLoop.java:650) ~[netty-transport-4.1.107.Final.jar:4.1.107.Final]
	at io.netty.channel.nio.NioEventLoop.run(NioEventLoop.java:562) ~[netty-transport-4.1.107.Final.jar:4.1.107.Final]
	at io.netty.util.concurrent.SingleThreadEventExecutor$4.run(SingleThreadEventExecutor.java:997) ~[netty-common-4.1.107.Final.jar:4.1.107.Final]
	at io.netty.util.internal.ThreadExecutorMap$2.run(ThreadExecutorMap.java:74) ~[netty-common-4.1.107.Final.jar:4.1.107.Final]
	at io.netty.util.concurrent.FastThreadLocalRunnable.run(FastThreadLocalRunnable.java:30) ~[netty-common-4.1.107.Final.jar:4.1.107.Final]
	at java.base/java.lang.Thread.run(Thread.java:1583) ~[na:na]

2026-04-05T10:26:37.625Z  WARN 18732 --- [boundedElastic-1] o.s.b.a.d.r.RedisReactiveHealthIndicator : Redis health check failed

org.springframework.data.redis.RedisConnectionFailureException: Unable to connect to Redis
	at org.springframework.data.redis.connection.lettuce.LettuceConnectionFactory$ExceptionTranslatingConnectionProvider.translateException(LettuceConnectionFactory.java:1795) ~[spring-data-redis-3.2.4.jar:3.2.4]
	at org.springframework.data.redis.connection.lettuce.LettuceConnectionFactory$ExceptionTranslatingConnectionProvider.getConnection(LettuceConnectionFactory.java:1726) ~[spring-data-redis-3.2.4.jar:3.2.4]
	at org.springframework.data.redis.connection.lettuce.LettuceConnectionFactory$SharedConnection.getNativeConnection(LettuceConnectionFactory.java:1528) ~[spring-data-redis-3.2.4.jar:3.2.4]
	at org.springframework.data.redis.connection.lettuce.LettuceConnectionFactory$SharedConnection.lambda$getConnection$0(LettuceConnectionFactory.java:1508) ~[spring-data-redis-3.2.4.jar:3.2.4]
	at org.springframework.data.redis.connection.lettuce.LettuceConnectionFactory.doInLock(LettuceConnectionFactory.java:1469) ~[spring-data-redis-3.2.4.jar:3.2.4]
	at org.springframework.data.redis.connection.lettuce.LettuceConnectionFactory$SharedConnection.getConnection(LettuceConnectionFactory.java:1505) ~[spring-data-redis-3.2.4.jar:3.2.4]
	at org.springframework.data.redis.connection.lettuce.LettuceConnectionFactory.getSharedReactiveConnection(LettuceConnectionFactory.java:1216) ~[spring-data-redis-3.2.4.jar:3.2.4]
	at org.springframework.data.redis.connection.lettuce.LettuceConnectionFactory.getReactiveConnection(LettuceConnectionFactory.java:1091) ~[spring-data-redis-3.2.4.jar:3.2.4]
	at org.springframework.data.redis.connection.lettuce.LettuceConnectionFactory.getReactiveConnection(LettuceConnectionFactory.java:118) ~[spring-data-redis-3.2.4.jar:3.2.4]
	at reactor.core.publisher.MonoSupplier.call(MonoSupplier.java:67) ~[reactor-core-3.6.4.jar:3.6.4]
	at reactor.core.publisher.FluxSubscribeOnCallable$CallableSubscribeOnSubscription.run(FluxSubscribeOnCallable.java:228) ~[reactor-core-3.6.4.jar:3.6.4]
	at reactor.core.scheduler.SchedulerTask.call(SchedulerTask.java:68) ~[reactor-core-3.6.4.jar:3.6.4]
	at reactor.core.scheduler.SchedulerTask.call(SchedulerTask.java:28) ~[reactor-core-3.6.4.jar:3.6.4]
	at java.base/java.util.concurrent.FutureTask.run(FutureTask.java:317) ~[na:na]
	at java.base/java.util.concurrent.ScheduledThreadPoolExecutor$ScheduledFutureTask.run(ScheduledThreadPoolExecutor.java:304) ~[na:na]
	at java.base/java.util.concurrent.ThreadPoolExecutor.runWorker(ThreadPoolExecutor.java:1144) ~[na:na]
	at java.base/java.util.concurrent.ThreadPoolExecutor$Worker.run(ThreadPoolExecutor.java:642) ~[na:na]
	at java.base/java.lang.Thread.run(Thread.java:1583) ~[na:na]
Caused by: io.lettuce.core.RedisConnectionException: Unable to connect to localhost/<unresolved>:6379
	at io.lettuce.core.RedisConnectionException.create(RedisConnectionException.java:78) ~[lettuce-core-6.3.2.RELEASE.jar:6.3.2.RELEASE/8941aea]
	at io.lettuce.core.RedisConnectionException.create(RedisConnectionException.java:56) ~[lettuce-core-6.3.2.RELEASE.jar:6.3.2.RELEASE/8941aea]
	at io.lettuce.core.AbstractRedisClient.getConnection(AbstractRedisClient.java:350) ~[lettuce-core-6.3.2.RELEASE.jar:6.3.2.RELEASE/8941aea]
	at io.lettuce.core.RedisClient.connect(RedisClient.java:215) ~[lettuce-core-6.3.2.RELEASE.jar:6.3.2.RELEASE/8941aea]
	at org.springframework.data.redis.connection.lettuce.StandaloneConnectionProvider.lambda$getConnection$1(StandaloneConnectionProvider.java:112) ~[spring-data-redis-3.2.4.jar:3.2.4]
	at java.base/java.util.Optional.orElseGet(Optional.java:364) ~[na:na]
	at org.springframework.data.redis.connection.lettuce.StandaloneConnectionProvider.getConnection(StandaloneConnectionProvider.java:112) ~[spring-data-redis-3.2.4.jar:3.2.4]
	at org.springframework.data.redis.connection.lettuce.LettuceConnectionFactory$ExceptionTranslatingConnectionProvider.getConnection(LettuceConnectionFactory.java:1724) ~[spring-data-redis-3.2.4.jar:3.2.4]
	... 16 common frames omitted
Caused by: io.netty.channel.AbstractChannel$AnnotatedConnectException: Connection refused: getsockopt: localhost/127.0.0.1:6379
Caused by: java.net.ConnectException: Connection refused: getsockopt
	at java.base/sun.nio.ch.Net.pollConnect(Native Method) ~[na:na]
	at java.base/sun.nio.ch.Net.pollConnectNow(Net.java:694) ~[na:na]
	at java.base/sun.nio.ch.SocketChannelImpl.finishConnect(SocketChannelImpl.java:973) ~[na:na]
	at io.netty.channel.socket.nio.NioSocketChannel.doFinishConnect(NioSocketChannel.java:337) ~[netty-transport-4.1.107.Final.jar:4.1.107.Final]
	at io.netty.channel.nio.AbstractNioChannel$AbstractNioUnsafe.finishConnect(AbstractNioChannel.java:335) ~[netty-transport-4.1.107.Final.jar:4.1.107.Final]
	at io.netty.channel.nio.NioEventLoop.processSelectedKey(NioEventLoop.java:776) ~[netty-transport-4.1.107.Final.jar:4.1.107.Final]
	at io.netty.channel.nio.NioEventLoop.processSelectedKeysOptimized(NioEventLoop.java:724) ~[netty-transport-4.1.107.Final.jar:4.1.107.Final]
	at io.netty.channel.nio.NioEventLoop.processSelectedKeys(NioEventLoop.java:650) ~[netty-transport-4.1.107.Final.jar:4.1.107.Final]
	at io.netty.channel.nio.NioEventLoop.run(NioEventLoop.java:562) ~[netty-transport-4.1.107.Final.jar:4.1.107.Final]
	at io.netty.util.concurrent.SingleThreadEventExecutor$4.run(SingleThreadEventExecutor.java:997) ~[netty-common-4.1.107.Final.jar:4.1.107.Final]
	at io.netty.util.internal.ThreadExecutorMap$2.run(ThreadExecutorMap.java:74) ~[netty-common-4.1.107.Final.jar:4.1.107.Final]
	at io.netty.util.concurrent.FastThreadLocalRunnable.run(FastThreadLocalRunnable.java:30) ~[netty-common-4.1.107.Final.jar:4.1.107.Final]
	at java.base/java.lang.Thread.run(Thread.java:1583) ~[na:na]

2026-04-05T11:10:58.467Z  INFO 18732 --- [SpringApplicationShutdownHook] j.LocalContainerEntityManagerFactoryBean : Closing JPA EntityManagerFactory for persistence unit 'default'
2026-04-05T11:10:58.516Z  INFO 18732 --- [SpringApplicationShutdownHook] com.zaxxer.hikari.HikariDataSource       : HikariPool-1 - Shutdown initiated...
2026-04-05T11:10:58.539Z  INFO 18732 --- [SpringApplicationShutdownHook] com.zaxxer.hikari.HikariDataSource       : HikariPool-1 - Shutdown completed.
